<?xml version="1.0" encoding="UTF-8"?>
<testng-results ignored="0" total="1" passed="1" failed="0" skipped="0">
  <reporter-output>
  </reporter-output>
  <suite started-at="2023-02-04T23:02:23 IST" name="Default suite" finished-at="2023-02-04T23:02:59 IST" duration-ms="36147">
    <groups>
    </groups>
    <test started-at="2023-02-04T23:02:23 IST" name="Default test" finished-at="2023-02-04T23:02:59 IST" duration-ms="36147">
      <class name="com.www.demoBlaze.testLayer.BuyFunctionalityWithoutLoginTest">
        <test-method is-config="true" signature="setUp()[pri:0, instance:com.www.demoBlaze.testLayer.BuyFunctionalityWithoutLoginTest@4b5d6a01]" started-at="2023-02-04T23:02:23 IST" name="setUp" finished-at="2023-02-04T23:02:38 IST" duration-ms="15069" status="PASS">
          <reporter-output>
          </reporter-output>
        </test-method> <!-- setUp -->
        <test-method signature="buyFunctionalityWithoutLoginTes(java.lang.String,java.lang.String,java.lang.String,java.lang.String,java.lang.String,java.lang.String)[pri:0, instance:com.www.demoBlaze.testLayer.BuyFunctionalityWithoutLoginTest@4b5d6a01]" started-at="2023-02-04T23:02:38 IST" name="buyFunctionalityWithoutLoginTes" data-provider="placeOrderDatails" finished-at="2023-02-04T23:02:59 IST" duration-ms="20774" status="PASS">
          <params>
            <param index="0">
              <value>
                <![CDATA[messi]]>
              </value>
            </param>
            <param index="1">
              <value>
                <![CDATA[argentina]]>
              </value>
            </param>
            <param index="2">
              <value>
                <![CDATA[Buenos aires]]>
              </value>
            </param>
            <param index="3">
              <value>
                <![CDATA[12345667]]>
              </value>
            </param>
            <param index="4">
              <value>
                <![CDATA[feb]]>
              </value>
            </param>
            <param index="5">
              <value>
                <![CDATA[2024]]>
              </value>
            </param>
          </params>
          <reporter-output>
          </reporter-output>
        </test-method> <!-- buyFunctionalityWithoutLoginTes -->
        <test-method is-config="true" signature="tearDown()[pri:0, instance:com.www.demoBlaze.testLayer.BuyFunctionalityWithoutLoginTest@4b5d6a01]" started-at="2023-02-04T23:02:59 IST" name="tearDown" finished-at="2023-02-04T23:02:59 IST" duration-ms="247" status="PASS">
          <reporter-output>
          </reporter-output>
        </test-method> <!-- tearDown -->
      </class> <!-- com.www.demoBlaze.testLayer.BuyFunctionalityWithoutLoginTest -->
    </test> <!-- Default test -->
  </suite> <!-- Default suite -->
</testng-results>
