<?xml version="1.0" encoding="UTF-8"?>
<!-- Generated by org.testng.reporters.JUnitXMLReporter -->
<testsuite ignored="0" hostname="DESKTOP-T4R5HEE" failures="1" tests="2" name="demoBlazeTest" time="55.487" errors="0" timestamp="2023-02-05T14:54:33 IST">
  <testcase classname="com.www.demoBlaze.testLayer.BuyFunctionalityWithoutLoginTest" name="buyFunctionalityWithoutLoginTes" time="23.974"/>
  <testcase classname="com.www.demoBlaze.testLayer.LoginTest" name="verifyLogin" time="16.693">
    <failure type="java.lang.AssertionError" message="null">
      <![CDATA[java.lang.AssertionError: null
at com.www.demoBlaze.testLayer.LoginTest.verifyLogin(LoginTest.java:25)
at java.base/java.util.ArrayList.forEach(ArrayList.java:1511)
... Removed 27 stack frames]]>
    </failure>
  </testcase> <!-- verifyLogin -->
</testsuite> <!-- demoBlazeTest -->
