<?xml version="1.0" encoding="UTF-8"?>
<!-- Generated by org.testng.reporters.JUnitXMLReporter -->
<testsuite ignored="0" hostname="DESKTOP-T4R5HEE" failures="0" tests="2" name="demoBlazeTest" time="92.142" errors="0" timestamp="2023-02-09T18:20:27 IST">
  <testcase classname="com.www.demoBlaze.testLayer.BuyFunctionalityWithoutLoginTest" name="buyFunctionalityWithoutLoginTes" time="21.647"/>
  <testcase classname="com.www.demoBlaze.testLayer.LoginTest" name="verifyLogin" time="16.706"/>
</testsuite> <!-- demoBlazeTest -->
